2016-03-20 12:45:12 [-][-][-][error][yii\db\Exception] exception 'PDOException' with message 'SQLSTATE[HY000] [1045] Access denied for user 'root'@'localhost' (using password: NO)' in /home/wj/www/advanced/vendor/yiisoft/yii2/db/Connection.php:600
Stack trace:
#0 /home/wj/www/advanced/vendor/yiisoft/yii2/db/Connection.php(600): PDO->__construct('mysql:host=loca...', 'root', '', NULL)
#1 /home/wj/www/advanced/vendor/yiisoft/yii2/db/Connection.php(542): yii\db\Connection->createPdoInstance()
#2 /home/wj/www/advanced/vendor/yiisoft/yii2/db/Connection.php(858): yii\db\Connection->open()
#3 /home/wj/www/advanced/vendor/yiisoft/yii2/db/Connection.php(845): yii\db\Connection->getMasterPdo()
#4 /home/wj/www/advanced/vendor/yiisoft/yii2/db/Command.php(219): yii\db\Connection->getSlavePdo()
#5 /home/wj/www/advanced/vendor/yiisoft/yii2/db/Command.php(834): yii\db\Command->prepare(true)
#6 /home/wj/www/advanced/vendor/yiisoft/yii2/db/Command.php(362): yii\db\Command->queryInternal('fetchAll', NULL)
#7 /home/wj/www/advanced/vendor/yiisoft/yii2/db/mysql/Schema.php(198): yii\db\Command->queryAll()
#8 /home/wj/www/advanced/vendor/yiisoft/yii2/db/mysql/Schema.php(97): yii\db\mysql\Schema->findColumns(Object(yii\db\TableSchema))
#9 /home/wj/www/advanced/vendor/yiisoft/yii2/db/Schema.php(146): yii\db\mysql\Schema->loadTableSchema('migration')
#10 /home/wj/www/advanced/vendor/yiisoft/yii2/console/controllers/MigrateController.php(132): yii\db\Schema->getTableSchema('{{%migration}}', true)
#11 /home/wj/www/advanced/vendor/yiisoft/yii2/console/controllers/BaseMigrateController.php(680): yii\console\controllers\MigrateController->getMigrationHistory(NULL)
#12 /home/wj/www/advanced/vendor/yiisoft/yii2/console/controllers/BaseMigrateController.php(123): yii\console\controllers\BaseMigrateController->getNewMigrations()
#13 [internal function]: yii\console\controllers\BaseMigrateController->actionUp(0)
#14 /home/wj/www/advanced/vendor/yiisoft/yii2/base/InlineAction.php(55): call_user_func_array(Array, Array)
#15 /home/wj/www/advanced/vendor/yiisoft/yii2/base/Controller.php(154): yii\base\InlineAction->runWithParams(Array)
#16 /home/wj/www/advanced/vendor/yiisoft/yii2/console/Controller.php(108): yii\base\Controller->runAction('', Array)
#17 /home/wj/www/advanced/vendor/yiisoft/yii2/base/Module.php(454): yii\console\Controller->runAction('', Array)
#18 /home/wj/www/advanced/vendor/yiisoft/yii2/console/Application.php(167): yii\base\Module->runAction('migrate', Array)
#19 /home/wj/www/advanced/vendor/yiisoft/yii2/console/Application.php(143): yii\console\Application->runAction('migrate', Array)
#20 /home/wj/www/advanced/vendor/yiisoft/yii2/base/Application.php(375): yii\console\Application->handleRequest(Object(yii\console\Request))
#21 /home/wj/www/advanced/yii(27): yii\base\Application->run()
#22 {main}

Next exception 'yii\db\Exception' with message 'SQLSTATE[HY000] [1045] Access denied for user 'root'@'localhost' (using password: NO)' in /home/wj/www/advanced/vendor/yiisoft/yii2/db/Connection.php:547
Stack trace:
#0 /home/wj/www/advanced/vendor/yiisoft/yii2/db/Connection.php(858): yii\db\Connection->open()
#1 /home/wj/www/advanced/vendor/yiisoft/yii2/db/Connection.php(845): yii\db\Connection->getMasterPdo()
#2 /home/wj/www/advanced/vendor/yiisoft/yii2/db/Command.php(219): yii\db\Connection->getSlavePdo()
#3 /home/wj/www/advanced/vendor/yiisoft/yii2/db/Command.php(834): yii\db\Command->prepare(true)
#4 /home/wj/www/advanced/vendor/yiisoft/yii2/db/Command.php(362): yii\db\Command->queryInternal('fetchAll', NULL)
#5 /home/wj/www/advanced/vendor/yiisoft/yii2/db/mysql/Schema.php(198): yii\db\Command->queryAll()
#6 /home/wj/www/advanced/vendor/yiisoft/yii2/db/mysql/Schema.php(97): yii\db\mysql\Schema->findColumns(Object(yii\db\TableSchema))
#7 /home/wj/www/advanced/vendor/yiisoft/yii2/db/Schema.php(146): yii\db\mysql\Schema->loadTableSchema('migration')
#8 /home/wj/www/advanced/vendor/yiisoft/yii2/console/controllers/MigrateController.php(132): yii\db\Schema->getTableSchema('{{%migration}}', true)
#9 /home/wj/www/advanced/vendor/yiisoft/yii2/console/controllers/BaseMigrateController.php(680): yii\console\controllers\MigrateController->getMigrationHistory(NULL)
#10 /home/wj/www/advanced/vendor/yiisoft/yii2/console/controllers/BaseMigrateController.php(123): yii\console\controllers\BaseMigrateController->getNewMigrations()
#11 [internal function]: yii\console\controllers\BaseMigrateController->actionUp(0)
#12 /home/wj/www/advanced/vendor/yiisoft/yii2/base/InlineAction.php(55): call_user_func_array(Array, Array)
#13 /home/wj/www/advanced/vendor/yiisoft/yii2/base/Controller.php(154): yii\base\InlineAction->runWithParams(Array)
#14 /home/wj/www/advanced/vendor/yiisoft/yii2/console/Controller.php(108): yii\base\Controller->runAction('', Array)
#15 /home/wj/www/advanced/vendor/yiisoft/yii2/base/Module.php(454): yii\console\Controller->runAction('', Array)
#16 /home/wj/www/advanced/vendor/yiisoft/yii2/console/Application.php(167): yii\base\Module->runAction('migrate', Array)
#17 /home/wj/www/advanced/vendor/yiisoft/yii2/console/Application.php(143): yii\console\Application->runAction('migrate', Array)
#18 /home/wj/www/advanced/vendor/yiisoft/yii2/base/Application.php(375): yii\console\Application->handleRequest(Object(yii\console\Request))
#19 /home/wj/www/advanced/yii(27): yii\base\Application->run()
#20 {main}
Additional Information:

2016-03-20 12:45:12 [-][-][-][info][application] $_SERVER = [
    'XDG_VTNR' => '7'
    'XDG_SESSION_ID' => 'c2'
    'CLUTTER_IM_MODULE' => 'xim'
    'SELINUX_INIT' => 'YES'
    'XDG_GREETER_DATA_DIR' => '/var/lib/lightdm-data/wj'
    'GPG_AGENT_INFO' => '/run/user/1000/keyring-kfUoy2/gpg:0:1'
    'TERM' => 'xterm'
    'SHELL' => '/bin/bash'
    'VTE_VERSION' => '3409'
    'WINDOWID' => '62956244'
    'UPSTART_SESSION' => 'unix:abstract=/com/ubuntu/upstart-session/1000/1804'
    'GNOME_KEYRING_CONTROL' => '/run/user/1000/keyring-kfUoy2'
    'GTK_MODULES' => 'overlay-scrollbar:unity-gtk-module'
    'USER' => 'wj'
    'LS_COLORS' => 'rs=0:di=01;34:ln=01;36:mh=00:pi=40;33:so=01;35:do=01;35:bd=40;33;01:cd=40;33;01:or=40;31;01:su=37;41:sg=30;43:ca=30;41:tw=30;42:ow=34;42:st=37;44:ex=01;32:*.tar=01;31:*.tgz=01;31:*.arj=01;31:*.taz=01;31:*.lzh=01;31:*.lzma=01;31:*.tlz=01;31:*.txz=01;31:*.zip=01;31:*.z=01;31:*.Z=01;31:*.dz=01;31:*.gz=01;31:*.lz=01;31:*.xz=01;31:*.bz2=01;31:*.bz=01;31:*.tbz=01;31:*.tbz2=01;31:*.tz=01;31:*.deb=01;31:*.rpm=01;31:*.jar=01;31:*.war=01;31:*.ear=01;31:*.sar=01;31:*.rar=01;31:*.ace=01;31:*.zoo=01;31:*.cpio=01;31:*.7z=01;31:*.rz=01;31:*.jpg=01;35:*.jpeg=01;35:*.gif=01;35:*.bmp=01;35:*.pbm=01;35:*.pgm=01;35:*.ppm=01;35:*.tga=01;35:*.xbm=01;35:*.xpm=01;35:*.tif=01;35:*.tiff=01;35:*.png=01;35:*.svg=01;35:*.svgz=01;35:*.mng=01;35:*.pcx=01;35:*.mov=01;35:*.mpg=01;35:*.mpeg=01;35:*.m2v=01;35:*.mkv=01;35:*.webm=01;35:*.ogm=01;35:*.mp4=01;35:*.m4v=01;35:*.mp4v=01;35:*.vob=01;35:*.qt=01;35:*.nuv=01;35:*.wmv=01;35:*.asf=01;35:*.rm=01;35:*.rmvb=01;35:*.flc=01;35:*.avi=01;35:*.fli=01;35:*.flv=01;35:*.gl=01;35:*.dl=01;35:*.xcf=01;35:*.xwd=01;35:*.yuv=01;35:*.cgm=01;35:*.emf=01;35:*.axv=01;35:*.anx=01;35:*.ogv=01;35:*.ogx=01;35:*.aac=00;36:*.au=00;36:*.flac=00;36:*.mid=00;36:*.midi=00;36:*.mka=00;36:*.mp3=00;36:*.mpc=00;36:*.ogg=00;36:*.ra=00;36:*.wav=00;36:*.axa=00;36:*.oga=00;36:*.spx=00;36:*.xspf=00;36:'
    'XDG_SESSION_PATH' => '/org/freedesktop/DisplayManager/Session0'
    'XDG_SEAT_PATH' => '/org/freedesktop/DisplayManager/Seat0'
    'SSH_AUTH_SOCK' => '/run/user/1000/keyring-kfUoy2/ssh'
    'DEFAULTS_PATH' => '/usr/share/gconf/ubuntu.default.path'
    'XDG_CONFIG_DIRS' => '/etc/xdg/xdg-ubuntu:/usr/share/upstart/xdg:/etc/xdg'
    'PATH' => '/usr/local/sbin:/usr/local/bin:/usr/sbin:/usr/bin:/sbin:/bin:/usr/games:/usr/local/games'
    'DESKTOP_SESSION' => 'ubuntu'
    'QT_IM_MODULE' => 'fcitx'
    'QT_QPA_PLATFORMTHEME' => 'appmenu-qt5'
    'JOB' => 'gnome-session'
    'PWD' => '/home/wj/www/advanced'
    'XMODIFIERS' => '@im=fcitx'
    'GNOME_KEYRING_PID' => '1802'
    'LANG' => 'zh_CN.UTF-8'
    'GDM_LANG' => 'zh_CN'
    'MANDATORY_PATH' => '/usr/share/gconf/ubuntu.mandatory.path'
    'IM_CONFIG_PHASE' => '1'
    'COMPIZ_CONFIG_PROFILE' => 'ubuntu'
    'GDMSESSION' => 'ubuntu'
    'SESSIONTYPE' => 'gnome-session'
    'HOME' => '/home/wj'
    'XDG_SEAT' => 'seat0'
    'SHLVL' => '1'
    'LANGUAGE' => 'zh_CN:'
    'GNOME_DESKTOP_SESSION_ID' => 'this-is-deprecated'
    'UPSTART_INSTANCE' => ''
    'UPSTART_EVENTS' => 'started starting'
    'LOGNAME' => 'wj'
    'QT4_IM_MODULE' => 'fcitx'
    'XDG_DATA_DIRS' => '/usr/share/ubuntu:/usr/share/gnome:/usr/local/share/:/usr/share/'
    'DBUS_SESSION_BUS_ADDRESS' => 'unix:abstract=/tmp/dbus-kl8p0pywuq'
    'LESSOPEN' => '| /usr/bin/lesspipe %s'
    'INSTANCE' => 'Unity'
    'UPSTART_JOB' => 'unity-settings-daemon'
    'TEXTDOMAIN' => 'im-config'
    'XDG_RUNTIME_DIR' => '/run/user/1000'
    'DISPLAY' => ':0'
    'XDG_CURRENT_DESKTOP' => 'Unity'
    'GTK_IM_MODULE' => 'fcitx'
    'LESSCLOSE' => '/usr/bin/lesspipe %s %s'
    'TEXTDOMAINDIR' => '/usr/share/locale/'
    'COLORTERM' => 'gnome-terminal'
    'XAUTHORITY' => '/home/wj/.Xauthority'
    'OLDPWD' => '/home/wj/www'
    '_' => './yii'
    'PHP_SELF' => './yii'
    'SCRIPT_NAME' => './yii'
    'SCRIPT_FILENAME' => './yii'
    'PATH_TRANSLATED' => './yii'
    'DOCUMENT_ROOT' => ''
    'REQUEST_TIME_FLOAT' => 1458449112.7687
    'REQUEST_TIME' => 1458449112
    'argv' => [
        0 => './yii'
        1 => 'migrate'
    ]
    'argc' => 2
]
2016-03-20 12:54:30 [-][-][-][error][yii\db\Exception] exception 'PDOException' with message 'SQLSTATE[42S01]: Base table or view already exists: 1050 Table 'user' already exists' in /home/wj/www/advanced/vendor/yiisoft/yii2/db/Command.php:784
Stack trace:
#0 /home/wj/www/advanced/vendor/yiisoft/yii2/db/Command.php(784): PDOStatement->execute()
#1 /home/wj/www/advanced/vendor/yiisoft/yii2/db/Migration.php(260): yii\db\Command->execute()
#2 /home/wj/www/advanced/console/migrations/m160320_044734_create_users_table.php(27): yii\db\Migration->createTable('user', Array, 'CHARACTER SET u...')
#3 /home/wj/www/advanced/vendor/yiisoft/yii2/console/controllers/BaseMigrateController.php(562): m160320_044734_create_users_table->up()
#4 /home/wj/www/advanced/vendor/yiisoft/yii2/console/controllers/BaseMigrateController.php(151): yii\console\controllers\BaseMigrateController->migrateUp('m160320_044734_...')
#5 [internal function]: yii\console\controllers\BaseMigrateController->actionUp(0)
#6 /home/wj/www/advanced/vendor/yiisoft/yii2/base/InlineAction.php(55): call_user_func_array(Array, Array)
#7 /home/wj/www/advanced/vendor/yiisoft/yii2/base/Controller.php(154): yii\base\InlineAction->runWithParams(Array)
#8 /home/wj/www/advanced/vendor/yiisoft/yii2/console/Controller.php(108): yii\base\Controller->runAction('', Array)
#9 /home/wj/www/advanced/vendor/yiisoft/yii2/base/Module.php(454): yii\console\Controller->runAction('', Array)
#10 /home/wj/www/advanced/vendor/yiisoft/yii2/console/Application.php(167): yii\base\Module->runAction('migrate', Array)
#11 /home/wj/www/advanced/vendor/yiisoft/yii2/console/Application.php(143): yii\console\Application->runAction('migrate', Array)
#12 /home/wj/www/advanced/vendor/yiisoft/yii2/base/Application.php(375): yii\console\Application->handleRequest(Object(yii\console\Request))
#13 /home/wj/www/advanced/yii(27): yii\base\Application->run()
#14 {main}

Next exception 'yii\db\Exception' with message 'SQLSTATE[42S01]: Base table or view already exists: 1050 Table 'user' already exists
The SQL being executed was: CREATE TABLE `user` (
	`id` int(11) NOT NULL AUTO_INCREMENT PRIMARY KEY,
	`username` varchar(255) NOT NULL,
	`auth_key` varchar(32) NOT NULL,
	`display_name` varchar(50) NOT NULL,
	`password_hash` varchar(255) NOT NULL,
	`password_reset_token` varchar(255),
	`email` varchar(255),
	`role` smallint(6) NOT NULL DEFAULT 10,
	`status` smallint(6) NOT NULL DEFAULT 10,
	`created_at` int(11) NOT NULL,
	`updated_at` int(11) NOT NULL
) CHARACTER SET utf8 COLLATE utf8_unicode_ci ENGINE=InnoDB' in /home/wj/www/advanced/vendor/yiisoft/yii2/db/Schema.php:628
Stack trace:
#0 /home/wj/www/advanced/vendor/yiisoft/yii2/db/Command.php(794): yii\db\Schema->convertException(Object(PDOException), 'CREATE TABLE `u...')
#1 /home/wj/www/advanced/vendor/yiisoft/yii2/db/Migration.php(260): yii\db\Command->execute()
#2 /home/wj/www/advanced/console/migrations/m160320_044734_create_users_table.php(27): yii\db\Migration->createTable('user', Array, 'CHARACTER SET u...')
#3 /home/wj/www/advanced/vendor/yiisoft/yii2/console/controllers/BaseMigrateController.php(562): m160320_044734_create_users_table->up()
#4 /home/wj/www/advanced/vendor/yiisoft/yii2/console/controllers/BaseMigrateController.php(151): yii\console\controllers\BaseMigrateController->migrateUp('m160320_044734_...')
#5 [internal function]: yii\console\controllers\BaseMigrateController->actionUp(0)
#6 /home/wj/www/advanced/vendor/yiisoft/yii2/base/InlineAction.php(55): call_user_func_array(Array, Array)
#7 /home/wj/www/advanced/vendor/yiisoft/yii2/base/Controller.php(154): yii\base\InlineAction->runWithParams(Array)
#8 /home/wj/www/advanced/vendor/yiisoft/yii2/console/Controller.php(108): yii\base\Controller->runAction('', Array)
#9 /home/wj/www/advanced/vendor/yiisoft/yii2/base/Module.php(454): yii\console\Controller->runAction('', Array)
#10 /home/wj/www/advanced/vendor/yiisoft/yii2/console/Application.php(167): yii\base\Module->runAction('migrate', Array)
#11 /home/wj/www/advanced/vendor/yiisoft/yii2/console/Application.php(143): yii\console\Application->runAction('migrate', Array)
#12 /home/wj/www/advanced/vendor/yiisoft/yii2/base/Application.php(375): yii\console\Application->handleRequest(Object(yii\console\Request))
#13 /home/wj/www/advanced/yii(27): yii\base\Application->run()
#14 {main}
Additional Information:
Array
(
    [0] => 42S01
    [1] => 1050
    [2] => Table 'user' already exists
)

2016-03-20 12:54:22 [-][-][-][info][application] $_SERVER = [
    'XDG_VTNR' => '7'
    'XDG_SESSION_ID' => 'c2'
    'CLUTTER_IM_MODULE' => 'xim'
    'SELINUX_INIT' => 'YES'
    'XDG_GREETER_DATA_DIR' => '/var/lib/lightdm-data/wj'
    'GPG_AGENT_INFO' => '/run/user/1000/keyring-kfUoy2/gpg:0:1'
    'TERM' => 'xterm'
    'SHELL' => '/bin/bash'
    'VTE_VERSION' => '3409'
    'WINDOWID' => '62956244'
    'UPSTART_SESSION' => 'unix:abstract=/com/ubuntu/upstart-session/1000/1804'
    'GNOME_KEYRING_CONTROL' => '/run/user/1000/keyring-kfUoy2'
    'GTK_MODULES' => 'overlay-scrollbar:unity-gtk-module'
    'USER' => 'wj'
    'LS_COLORS' => 'rs=0:di=01;34:ln=01;36:mh=00:pi=40;33:so=01;35:do=01;35:bd=40;33;01:cd=40;33;01:or=40;31;01:su=37;41:sg=30;43:ca=30;41:tw=30;42:ow=34;42:st=37;44:ex=01;32:*.tar=01;31:*.tgz=01;31:*.arj=01;31:*.taz=01;31:*.lzh=01;31:*.lzma=01;31:*.tlz=01;31:*.txz=01;31:*.zip=01;31:*.z=01;31:*.Z=01;31:*.dz=01;31:*.gz=01;31:*.lz=01;31:*.xz=01;31:*.bz2=01;31:*.bz=01;31:*.tbz=01;31:*.tbz2=01;31:*.tz=01;31:*.deb=01;31:*.rpm=01;31:*.jar=01;31:*.war=01;31:*.ear=01;31:*.sar=01;31:*.rar=01;31:*.ace=01;31:*.zoo=01;31:*.cpio=01;31:*.7z=01;31:*.rz=01;31:*.jpg=01;35:*.jpeg=01;35:*.gif=01;35:*.bmp=01;35:*.pbm=01;35:*.pgm=01;35:*.ppm=01;35:*.tga=01;35:*.xbm=01;35:*.xpm=01;35:*.tif=01;35:*.tiff=01;35:*.png=01;35:*.svg=01;35:*.svgz=01;35:*.mng=01;35:*.pcx=01;35:*.mov=01;35:*.mpg=01;35:*.mpeg=01;35:*.m2v=01;35:*.mkv=01;35:*.webm=01;35:*.ogm=01;35:*.mp4=01;35:*.m4v=01;35:*.mp4v=01;35:*.vob=01;35:*.qt=01;35:*.nuv=01;35:*.wmv=01;35:*.asf=01;35:*.rm=01;35:*.rmvb=01;35:*.flc=01;35:*.avi=01;35:*.fli=01;35:*.flv=01;35:*.gl=01;35:*.dl=01;35:*.xcf=01;35:*.xwd=01;35:*.yuv=01;35:*.cgm=01;35:*.emf=01;35:*.axv=01;35:*.anx=01;35:*.ogv=01;35:*.ogx=01;35:*.aac=00;36:*.au=00;36:*.flac=00;36:*.mid=00;36:*.midi=00;36:*.mka=00;36:*.mp3=00;36:*.mpc=00;36:*.ogg=00;36:*.ra=00;36:*.wav=00;36:*.axa=00;36:*.oga=00;36:*.spx=00;36:*.xspf=00;36:'
    'XDG_SESSION_PATH' => '/org/freedesktop/DisplayManager/Session0'
    'XDG_SEAT_PATH' => '/org/freedesktop/DisplayManager/Seat0'
    'SSH_AUTH_SOCK' => '/run/user/1000/keyring-kfUoy2/ssh'
    'DEFAULTS_PATH' => '/usr/share/gconf/ubuntu.default.path'
    'XDG_CONFIG_DIRS' => '/etc/xdg/xdg-ubuntu:/usr/share/upstart/xdg:/etc/xdg'
    'PATH' => '/usr/local/sbin:/usr/local/bin:/usr/sbin:/usr/bin:/sbin:/bin:/usr/games:/usr/local/games'
    'DESKTOP_SESSION' => 'ubuntu'
    'QT_IM_MODULE' => 'fcitx'
    'QT_QPA_PLATFORMTHEME' => 'appmenu-qt5'
    'JOB' => 'gnome-session'
    'PWD' => '/home/wj/www/advanced'
    'XMODIFIERS' => '@im=fcitx'
    'GNOME_KEYRING_PID' => '1802'
    'LANG' => 'zh_CN.UTF-8'
    'GDM_LANG' => 'zh_CN'
    'MANDATORY_PATH' => '/usr/share/gconf/ubuntu.mandatory.path'
    'IM_CONFIG_PHASE' => '1'
    'COMPIZ_CONFIG_PROFILE' => 'ubuntu'
    'GDMSESSION' => 'ubuntu'
    'SESSIONTYPE' => 'gnome-session'
    'HOME' => '/home/wj'
    'XDG_SEAT' => 'seat0'
    'SHLVL' => '1'
    'LANGUAGE' => 'zh_CN:'
    'GNOME_DESKTOP_SESSION_ID' => 'this-is-deprecated'
    'UPSTART_INSTANCE' => ''
    'UPSTART_EVENTS' => 'started starting'
    'LOGNAME' => 'wj'
    'QT4_IM_MODULE' => 'fcitx'
    'XDG_DATA_DIRS' => '/usr/share/ubuntu:/usr/share/gnome:/usr/local/share/:/usr/share/'
    'DBUS_SESSION_BUS_ADDRESS' => 'unix:abstract=/tmp/dbus-kl8p0pywuq'
    'LESSOPEN' => '| /usr/bin/lesspipe %s'
    'INSTANCE' => 'Unity'
    'UPSTART_JOB' => 'unity-settings-daemon'
    'TEXTDOMAIN' => 'im-config'
    'XDG_RUNTIME_DIR' => '/run/user/1000'
    'DISPLAY' => ':0'
    'XDG_CURRENT_DESKTOP' => 'Unity'
    'GTK_IM_MODULE' => 'fcitx'
    'LESSCLOSE' => '/usr/bin/lesspipe %s %s'
    'TEXTDOMAINDIR' => '/usr/share/locale/'
    'COLORTERM' => 'gnome-terminal'
    'XAUTHORITY' => '/home/wj/.Xauthority'
    'OLDPWD' => '/home/wj/www'
    '_' => './yii'
    'PHP_SELF' => './yii'
    'SCRIPT_NAME' => './yii'
    'SCRIPT_FILENAME' => './yii'
    'PATH_TRANSLATED' => './yii'
    'DOCUMENT_ROOT' => ''
    'REQUEST_TIME_FLOAT' => 1458449662.9553
    'REQUEST_TIME' => 1458449662
    'argv' => [
        0 => './yii'
        1 => 'migrate'
    ]
    'argc' => 2
]
2016-03-20 13:21:07 [-][-][-][error][yii\base\ErrorException:4] exception 'yii\base\ErrorException' with message 'syntax error, unexpected 'use' (T_USE), expecting \\ (T_NS_SEPARATOR) or ';' or '{'' in /home/wj/www/advanced/console/controllers/InitController.php:8
Stack trace:
#0 [internal function]: yii\base\ErrorHandler->handleFatalError()
#1 {main}
2016-03-20 13:21:07 [-][-][-][info][application] $_SERVER = [
    'XDG_VTNR' => '7'
    'XDG_SESSION_ID' => 'c2'
    'CLUTTER_IM_MODULE' => 'xim'
    'SELINUX_INIT' => 'YES'
    'XDG_GREETER_DATA_DIR' => '/var/lib/lightdm-data/wj'
    'GPG_AGENT_INFO' => '/run/user/1000/keyring-kfUoy2/gpg:0:1'
    'TERM' => 'xterm'
    'SHELL' => '/bin/bash'
    'VTE_VERSION' => '3409'
    'WINDOWID' => '62973031'
    'UPSTART_SESSION' => 'unix:abstract=/com/ubuntu/upstart-session/1000/1804'
    'GNOME_KEYRING_CONTROL' => '/run/user/1000/keyring-kfUoy2'
    'GTK_MODULES' => 'overlay-scrollbar:unity-gtk-module'
    'USER' => 'wj'
    'LS_COLORS' => 'rs=0:di=01;34:ln=01;36:mh=00:pi=40;33:so=01;35:do=01;35:bd=40;33;01:cd=40;33;01:or=40;31;01:su=37;41:sg=30;43:ca=30;41:tw=30;42:ow=34;42:st=37;44:ex=01;32:*.tar=01;31:*.tgz=01;31:*.arj=01;31:*.taz=01;31:*.lzh=01;31:*.lzma=01;31:*.tlz=01;31:*.txz=01;31:*.zip=01;31:*.z=01;31:*.Z=01;31:*.dz=01;31:*.gz=01;31:*.lz=01;31:*.xz=01;31:*.bz2=01;31:*.bz=01;31:*.tbz=01;31:*.tbz2=01;31:*.tz=01;31:*.deb=01;31:*.rpm=01;31:*.jar=01;31:*.war=01;31:*.ear=01;31:*.sar=01;31:*.rar=01;31:*.ace=01;31:*.zoo=01;31:*.cpio=01;31:*.7z=01;31:*.rz=01;31:*.jpg=01;35:*.jpeg=01;35:*.gif=01;35:*.bmp=01;35:*.pbm=01;35:*.pgm=01;35:*.ppm=01;35:*.tga=01;35:*.xbm=01;35:*.xpm=01;35:*.tif=01;35:*.tiff=01;35:*.png=01;35:*.svg=01;35:*.svgz=01;35:*.mng=01;35:*.pcx=01;35:*.mov=01;35:*.mpg=01;35:*.mpeg=01;35:*.m2v=01;35:*.mkv=01;35:*.webm=01;35:*.ogm=01;35:*.mp4=01;35:*.m4v=01;35:*.mp4v=01;35:*.vob=01;35:*.qt=01;35:*.nuv=01;35:*.wmv=01;35:*.asf=01;35:*.rm=01;35:*.rmvb=01;35:*.flc=01;35:*.avi=01;35:*.fli=01;35:*.flv=01;35:*.gl=01;35:*.dl=01;35:*.xcf=01;35:*.xwd=01;35:*.yuv=01;35:*.cgm=01;35:*.emf=01;35:*.axv=01;35:*.anx=01;35:*.ogv=01;35:*.ogx=01;35:*.aac=00;36:*.au=00;36:*.flac=00;36:*.mid=00;36:*.midi=00;36:*.mka=00;36:*.mp3=00;36:*.mpc=00;36:*.ogg=00;36:*.ra=00;36:*.wav=00;36:*.axa=00;36:*.oga=00;36:*.spx=00;36:*.xspf=00;36:'
    'XDG_SESSION_PATH' => '/org/freedesktop/DisplayManager/Session0'
    'XDG_SEAT_PATH' => '/org/freedesktop/DisplayManager/Seat0'
    'SSH_AUTH_SOCK' => '/run/user/1000/keyring-kfUoy2/ssh'
    'DEFAULTS_PATH' => '/usr/share/gconf/ubuntu.default.path'
    'XDG_CONFIG_DIRS' => '/etc/xdg/xdg-ubuntu:/usr/share/upstart/xdg:/etc/xdg'
    'PATH' => '/usr/local/sbin:/usr/local/bin:/usr/sbin:/usr/bin:/sbin:/bin:/usr/games:/usr/local/games'
    'DESKTOP_SESSION' => 'ubuntu'
    'QT_IM_MODULE' => 'fcitx'
    'QT_QPA_PLATFORMTHEME' => 'appmenu-qt5'
    'JOB' => 'gnome-session'
    'PWD' => '/home/wj/www/advanced'
    'XMODIFIERS' => '@im=fcitx'
    'GNOME_KEYRING_PID' => '1802'
    'LANG' => 'zh_CN.UTF-8'
    'GDM_LANG' => 'zh_CN'
    'MANDATORY_PATH' => '/usr/share/gconf/ubuntu.mandatory.path'
    'IM_CONFIG_PHASE' => '1'
    'COMPIZ_CONFIG_PROFILE' => 'ubuntu'
    'GDMSESSION' => 'ubuntu'
    'SESSIONTYPE' => 'gnome-session'
    'HOME' => '/home/wj'
    'XDG_SEAT' => 'seat0'
    'SHLVL' => '1'
    'LANGUAGE' => 'zh_CN:'
    'GNOME_DESKTOP_SESSION_ID' => 'this-is-deprecated'
    'UPSTART_INSTANCE' => ''
    'UPSTART_EVENTS' => 'started starting'
    'LOGNAME' => 'wj'
    'QT4_IM_MODULE' => 'fcitx'
    'XDG_DATA_DIRS' => '/usr/share/ubuntu:/usr/share/gnome:/usr/local/share/:/usr/share/'
    'DBUS_SESSION_BUS_ADDRESS' => 'unix:abstract=/tmp/dbus-kl8p0pywuq'
    'LESSOPEN' => '| /usr/bin/lesspipe %s'
    'INSTANCE' => 'Unity'
    'UPSTART_JOB' => 'unity-settings-daemon'
    'TEXTDOMAIN' => 'im-config'
    'XDG_RUNTIME_DIR' => '/run/user/1000'
    'DISPLAY' => ':0'
    'XDG_CURRENT_DESKTOP' => 'Unity'
    'GTK_IM_MODULE' => 'fcitx'
    'LESSCLOSE' => '/usr/bin/lesspipe %s %s'
    'TEXTDOMAINDIR' => '/usr/share/locale/'
    'COLORTERM' => 'gnome-terminal'
    'XAUTHORITY' => '/home/wj/.Xauthority'
    'OLDPWD' => '/home/wj/www/advanced/common'
    '_' => './yii'
    'PHP_SELF' => './yii'
    'SCRIPT_NAME' => './yii'
    'SCRIPT_FILENAME' => './yii'
    'PATH_TRANSLATED' => './yii'
    'DOCUMENT_ROOT' => ''
    'REQUEST_TIME_FLOAT' => 1458451267.9149
    'REQUEST_TIME' => 1458451267
    'argv' => [
        0 => './yii'
        1 => 'init/user'
    ]
    'argc' => 2
]
2016-03-20 13:21:46 [-][-][-][error][yii\base\UnknownClassException] exception 'yii\base\UnknownClassException' with message 'Unable to find 'console\controllers\InitController' in file: /home/wj/www/advanced/console/controllers/InitController.php. Namespace missing?' in /home/wj/www/advanced/vendor/yiisoft/yii2/BaseYii.php:291
Stack trace:
#0 [internal function]: yii\BaseYii::autoload('console\\control...')
#1 [internal function]: spl_autoload_call('console\\control...')
#2 /home/wj/www/advanced/vendor/yiisoft/yii2/base/Module.php(562): class_exists('console\\control...')
#3 /home/wj/www/advanced/vendor/yiisoft/yii2/base/Module.php(520): yii\base\Module->createControllerByID('init')
#4 /home/wj/www/advanced/vendor/yiisoft/yii2/base/Module.php(448): yii\base\Module->createController('init/user')
#5 /home/wj/www/advanced/vendor/yiisoft/yii2/console/Application.php(167): yii\base\Module->runAction('init/user', Array)
#6 /home/wj/www/advanced/vendor/yiisoft/yii2/console/Application.php(143): yii\console\Application->runAction('init/user', Array)
#7 /home/wj/www/advanced/vendor/yiisoft/yii2/base/Application.php(375): yii\console\Application->handleRequest(Object(yii\console\Request))
#8 /home/wj/www/advanced/yii(27): yii\base\Application->run()
#9 {main}
2016-03-20 13:21:46 [-][-][-][info][application] $_SERVER = [
    'XDG_VTNR' => '7'
    'XDG_SESSION_ID' => 'c2'
    'CLUTTER_IM_MODULE' => 'xim'
    'SELINUX_INIT' => 'YES'
    'XDG_GREETER_DATA_DIR' => '/var/lib/lightdm-data/wj'
    'GPG_AGENT_INFO' => '/run/user/1000/keyring-kfUoy2/gpg:0:1'
    'TERM' => 'xterm'
    'SHELL' => '/bin/bash'
    'VTE_VERSION' => '3409'
    'WINDOWID' => '62973031'
    'UPSTART_SESSION' => 'unix:abstract=/com/ubuntu/upstart-session/1000/1804'
    'GNOME_KEYRING_CONTROL' => '/run/user/1000/keyring-kfUoy2'
    'GTK_MODULES' => 'overlay-scrollbar:unity-gtk-module'
    'USER' => 'wj'
    'LS_COLORS' => 'rs=0:di=01;34:ln=01;36:mh=00:pi=40;33:so=01;35:do=01;35:bd=40;33;01:cd=40;33;01:or=40;31;01:su=37;41:sg=30;43:ca=30;41:tw=30;42:ow=34;42:st=37;44:ex=01;32:*.tar=01;31:*.tgz=01;31:*.arj=01;31:*.taz=01;31:*.lzh=01;31:*.lzma=01;31:*.tlz=01;31:*.txz=01;31:*.zip=01;31:*.z=01;31:*.Z=01;31:*.dz=01;31:*.gz=01;31:*.lz=01;31:*.xz=01;31:*.bz2=01;31:*.bz=01;31:*.tbz=01;31:*.tbz2=01;31:*.tz=01;31:*.deb=01;31:*.rpm=01;31:*.jar=01;31:*.war=01;31:*.ear=01;31:*.sar=01;31:*.rar=01;31:*.ace=01;31:*.zoo=01;31:*.cpio=01;31:*.7z=01;31:*.rz=01;31:*.jpg=01;35:*.jpeg=01;35:*.gif=01;35:*.bmp=01;35:*.pbm=01;35:*.pgm=01;35:*.ppm=01;35:*.tga=01;35:*.xbm=01;35:*.xpm=01;35:*.tif=01;35:*.tiff=01;35:*.png=01;35:*.svg=01;35:*.svgz=01;35:*.mng=01;35:*.pcx=01;35:*.mov=01;35:*.mpg=01;35:*.mpeg=01;35:*.m2v=01;35:*.mkv=01;35:*.webm=01;35:*.ogm=01;35:*.mp4=01;35:*.m4v=01;35:*.mp4v=01;35:*.vob=01;35:*.qt=01;35:*.nuv=01;35:*.wmv=01;35:*.asf=01;35:*.rm=01;35:*.rmvb=01;35:*.flc=01;35:*.avi=01;35:*.fli=01;35:*.flv=01;35:*.gl=01;35:*.dl=01;35:*.xcf=01;35:*.xwd=01;35:*.yuv=01;35:*.cgm=01;35:*.emf=01;35:*.axv=01;35:*.anx=01;35:*.ogv=01;35:*.ogx=01;35:*.aac=00;36:*.au=00;36:*.flac=00;36:*.mid=00;36:*.midi=00;36:*.mka=00;36:*.mp3=00;36:*.mpc=00;36:*.ogg=00;36:*.ra=00;36:*.wav=00;36:*.axa=00;36:*.oga=00;36:*.spx=00;36:*.xspf=00;36:'
    'XDG_SESSION_PATH' => '/org/freedesktop/DisplayManager/Session0'
    'XDG_SEAT_PATH' => '/org/freedesktop/DisplayManager/Seat0'
    'SSH_AUTH_SOCK' => '/run/user/1000/keyring-kfUoy2/ssh'
    'DEFAULTS_PATH' => '/usr/share/gconf/ubuntu.default.path'
    'XDG_CONFIG_DIRS' => '/etc/xdg/xdg-ubuntu:/usr/share/upstart/xdg:/etc/xdg'
    'PATH' => '/usr/local/sbin:/usr/local/bin:/usr/sbin:/usr/bin:/sbin:/bin:/usr/games:/usr/local/games'
    'DESKTOP_SESSION' => 'ubuntu'
    'QT_IM_MODULE' => 'fcitx'
    'QT_QPA_PLATFORMTHEME' => 'appmenu-qt5'
    'JOB' => 'gnome-session'
    'PWD' => '/home/wj/www/advanced'
    'XMODIFIERS' => '@im=fcitx'
    'GNOME_KEYRING_PID' => '1802'
    'LANG' => 'zh_CN.UTF-8'
    'GDM_LANG' => 'zh_CN'
    'MANDATORY_PATH' => '/usr/share/gconf/ubuntu.mandatory.path'
    'IM_CONFIG_PHASE' => '1'
    'COMPIZ_CONFIG_PROFILE' => 'ubuntu'
    'GDMSESSION' => 'ubuntu'
    'SESSIONTYPE' => 'gnome-session'
    'HOME' => '/home/wj'
    'XDG_SEAT' => 'seat0'
    'SHLVL' => '1'
    'LANGUAGE' => 'zh_CN:'
    'GNOME_DESKTOP_SESSION_ID' => 'this-is-deprecated'
    'UPSTART_INSTANCE' => ''
    'UPSTART_EVENTS' => 'started starting'
    'LOGNAME' => 'wj'
    'QT4_IM_MODULE' => 'fcitx'
    'XDG_DATA_DIRS' => '/usr/share/ubuntu:/usr/share/gnome:/usr/local/share/:/usr/share/'
    'DBUS_SESSION_BUS_ADDRESS' => 'unix:abstract=/tmp/dbus-kl8p0pywuq'
    'LESSOPEN' => '| /usr/bin/lesspipe %s'
    'INSTANCE' => 'Unity'
    'UPSTART_JOB' => 'unity-settings-daemon'
    'TEXTDOMAIN' => 'im-config'
    'XDG_RUNTIME_DIR' => '/run/user/1000'
    'DISPLAY' => ':0'
    'XDG_CURRENT_DESKTOP' => 'Unity'
    'GTK_IM_MODULE' => 'fcitx'
    'LESSCLOSE' => '/usr/bin/lesspipe %s %s'
    'TEXTDOMAINDIR' => '/usr/share/locale/'
    'COLORTERM' => 'gnome-terminal'
    'XAUTHORITY' => '/home/wj/.Xauthority'
    'OLDPWD' => '/home/wj/www/advanced/common'
    '_' => './yii'
    'PHP_SELF' => './yii'
    'SCRIPT_NAME' => './yii'
    'SCRIPT_FILENAME' => './yii'
    'PATH_TRANSLATED' => './yii'
    'DOCUMENT_ROOT' => ''
    'REQUEST_TIME_FLOAT' => 1458451306.9323
    'REQUEST_TIME' => 1458451306
    'argv' => [
        0 => './yii'
        1 => 'init/user'
    ]
    'argc' => 2
]
2016-03-20 13:23:07 [-][-][-][error][yii\base\ErrorException:4] exception 'yii\base\ErrorException' with message 'syntax error, unexpected '{'' in /home/wj/www/advanced/common/models/User.php:21
Stack trace:
#0 [internal function]: yii\base\ErrorHandler->handleFatalError()
#1 {main}
2016-03-20 13:22:53 [-][-][-][info][application] $_SERVER = [
    'XDG_VTNR' => '7'
    'XDG_SESSION_ID' => 'c2'
    'CLUTTER_IM_MODULE' => 'xim'
    'SELINUX_INIT' => 'YES'
    'XDG_GREETER_DATA_DIR' => '/var/lib/lightdm-data/wj'
    'GPG_AGENT_INFO' => '/run/user/1000/keyring-kfUoy2/gpg:0:1'
    'TERM' => 'xterm'
    'SHELL' => '/bin/bash'
    'VTE_VERSION' => '3409'
    'WINDOWID' => '62973031'
    'UPSTART_SESSION' => 'unix:abstract=/com/ubuntu/upstart-session/1000/1804'
    'GNOME_KEYRING_CONTROL' => '/run/user/1000/keyring-kfUoy2'
    'GTK_MODULES' => 'overlay-scrollbar:unity-gtk-module'
    'USER' => 'wj'
    'LS_COLORS' => 'rs=0:di=01;34:ln=01;36:mh=00:pi=40;33:so=01;35:do=01;35:bd=40;33;01:cd=40;33;01:or=40;31;01:su=37;41:sg=30;43:ca=30;41:tw=30;42:ow=34;42:st=37;44:ex=01;32:*.tar=01;31:*.tgz=01;31:*.arj=01;31:*.taz=01;31:*.lzh=01;31:*.lzma=01;31:*.tlz=01;31:*.txz=01;31:*.zip=01;31:*.z=01;31:*.Z=01;31:*.dz=01;31:*.gz=01;31:*.lz=01;31:*.xz=01;31:*.bz2=01;31:*.bz=01;31:*.tbz=01;31:*.tbz2=01;31:*.tz=01;31:*.deb=01;31:*.rpm=01;31:*.jar=01;31:*.war=01;31:*.ear=01;31:*.sar=01;31:*.rar=01;31:*.ace=01;31:*.zoo=01;31:*.cpio=01;31:*.7z=01;31:*.rz=01;31:*.jpg=01;35:*.jpeg=01;35:*.gif=01;35:*.bmp=01;35:*.pbm=01;35:*.pgm=01;35:*.ppm=01;35:*.tga=01;35:*.xbm=01;35:*.xpm=01;35:*.tif=01;35:*.tiff=01;35:*.png=01;35:*.svg=01;35:*.svgz=01;35:*.mng=01;35:*.pcx=01;35:*.mov=01;35:*.mpg=01;35:*.mpeg=01;35:*.m2v=01;35:*.mkv=01;35:*.webm=01;35:*.ogm=01;35:*.mp4=01;35:*.m4v=01;35:*.mp4v=01;35:*.vob=01;35:*.qt=01;35:*.nuv=01;35:*.wmv=01;35:*.asf=01;35:*.rm=01;35:*.rmvb=01;35:*.flc=01;35:*.avi=01;35:*.fli=01;35:*.flv=01;35:*.gl=01;35:*.dl=01;35:*.xcf=01;35:*.xwd=01;35:*.yuv=01;35:*.cgm=01;35:*.emf=01;35:*.axv=01;35:*.anx=01;35:*.ogv=01;35:*.ogx=01;35:*.aac=00;36:*.au=00;36:*.flac=00;36:*.mid=00;36:*.midi=00;36:*.mka=00;36:*.mp3=00;36:*.mpc=00;36:*.ogg=00;36:*.ra=00;36:*.wav=00;36:*.axa=00;36:*.oga=00;36:*.spx=00;36:*.xspf=00;36:'
    'XDG_SESSION_PATH' => '/org/freedesktop/DisplayManager/Session0'
    'XDG_SEAT_PATH' => '/org/freedesktop/DisplayManager/Seat0'
    'SSH_AUTH_SOCK' => '/run/user/1000/keyring-kfUoy2/ssh'
    'DEFAULTS_PATH' => '/usr/share/gconf/ubuntu.default.path'
    'XDG_CONFIG_DIRS' => '/etc/xdg/xdg-ubuntu:/usr/share/upstart/xdg:/etc/xdg'
    'PATH' => '/usr/local/sbin:/usr/local/bin:/usr/sbin:/usr/bin:/sbin:/bin:/usr/games:/usr/local/games'
    'DESKTOP_SESSION' => 'ubuntu'
    'QT_IM_MODULE' => 'fcitx'
    'QT_QPA_PLATFORMTHEME' => 'appmenu-qt5'
    'JOB' => 'gnome-session'
    'PWD' => '/home/wj/www/advanced'
    'XMODIFIERS' => '@im=fcitx'
    'GNOME_KEYRING_PID' => '1802'
    'LANG' => 'zh_CN.UTF-8'
    'GDM_LANG' => 'zh_CN'
    'MANDATORY_PATH' => '/usr/share/gconf/ubuntu.mandatory.path'
    'IM_CONFIG_PHASE' => '1'
    'COMPIZ_CONFIG_PROFILE' => 'ubuntu'
    'GDMSESSION' => 'ubuntu'
    'SESSIONTYPE' => 'gnome-session'
    'HOME' => '/home/wj'
    'XDG_SEAT' => 'seat0'
    'SHLVL' => '1'
    'LANGUAGE' => 'zh_CN:'
    'GNOME_DESKTOP_SESSION_ID' => 'this-is-deprecated'
    'UPSTART_INSTANCE' => ''
    'UPSTART_EVENTS' => 'started starting'
    'LOGNAME' => 'wj'
    'QT4_IM_MODULE' => 'fcitx'
    'XDG_DATA_DIRS' => '/usr/share/ubuntu:/usr/share/gnome:/usr/local/share/:/usr/share/'
    'DBUS_SESSION_BUS_ADDRESS' => 'unix:abstract=/tmp/dbus-kl8p0pywuq'
    'LESSOPEN' => '| /usr/bin/lesspipe %s'
    'INSTANCE' => 'Unity'
    'UPSTART_JOB' => 'unity-settings-daemon'
    'TEXTDOMAIN' => 'im-config'
    'XDG_RUNTIME_DIR' => '/run/user/1000'
    'DISPLAY' => ':0'
    'XDG_CURRENT_DESKTOP' => 'Unity'
    'GTK_IM_MODULE' => 'fcitx'
    'LESSCLOSE' => '/usr/bin/lesspipe %s %s'
    'TEXTDOMAINDIR' => '/usr/share/locale/'
    'COLORTERM' => 'gnome-terminal'
    'XAUTHORITY' => '/home/wj/.Xauthority'
    'OLDPWD' => '/home/wj/www/advanced/common'
    '_' => './yii'
    'PHP_SELF' => './yii'
    'SCRIPT_NAME' => './yii'
    'SCRIPT_FILENAME' => './yii'
    'PATH_TRANSLATED' => './yii'
    'DOCUMENT_ROOT' => ''
    'REQUEST_TIME_FLOAT' => 1458451373.0663
    'REQUEST_TIME' => 1458451373
    'argv' => [
        0 => './yii'
        1 => 'init/user'
    ]
    'argc' => 2
]
2016-03-20 13:26:07 [-][-][-][error][yii\base\ErrorException:4] exception 'yii\base\ErrorException' with message 'syntax error, unexpected '{'' in /home/wj/www/advanced/common/models/User.php:21
Stack trace:
#0 [internal function]: yii\base\ErrorHandler->handleFatalError()
#1 {main}
2016-03-20 13:26:01 [-][-][-][info][application] $_SERVER = [
    'XDG_VTNR' => '7'
    'XDG_SESSION_ID' => 'c2'
    'CLUTTER_IM_MODULE' => 'xim'
    'SELINUX_INIT' => 'YES'
    'XDG_GREETER_DATA_DIR' => '/var/lib/lightdm-data/wj'
    'GPG_AGENT_INFO' => '/run/user/1000/keyring-kfUoy2/gpg:0:1'
    'TERM' => 'xterm'
    'SHELL' => '/bin/bash'
    'VTE_VERSION' => '3409'
    'WINDOWID' => '62973031'
    'UPSTART_SESSION' => 'unix:abstract=/com/ubuntu/upstart-session/1000/1804'
    'GNOME_KEYRING_CONTROL' => '/run/user/1000/keyring-kfUoy2'
    'GTK_MODULES' => 'overlay-scrollbar:unity-gtk-module'
    'USER' => 'wj'
    'LS_COLORS' => 'rs=0:di=01;34:ln=01;36:mh=00:pi=40;33:so=01;35:do=01;35:bd=40;33;01:cd=40;33;01:or=40;31;01:su=37;41:sg=30;43:ca=30;41:tw=30;42:ow=34;42:st=37;44:ex=01;32:*.tar=01;31:*.tgz=01;31:*.arj=01;31:*.taz=01;31:*.lzh=01;31:*.lzma=01;31:*.tlz=01;31:*.txz=01;31:*.zip=01;31:*.z=01;31:*.Z=01;31:*.dz=01;31:*.gz=01;31:*.lz=01;31:*.xz=01;31:*.bz2=01;31:*.bz=01;31:*.tbz=01;31:*.tbz2=01;31:*.tz=01;31:*.deb=01;31:*.rpm=01;31:*.jar=01;31:*.war=01;31:*.ear=01;31:*.sar=01;31:*.rar=01;31:*.ace=01;31:*.zoo=01;31:*.cpio=01;31:*.7z=01;31:*.rz=01;31:*.jpg=01;35:*.jpeg=01;35:*.gif=01;35:*.bmp=01;35:*.pbm=01;35:*.pgm=01;35:*.ppm=01;35:*.tga=01;35:*.xbm=01;35:*.xpm=01;35:*.tif=01;35:*.tiff=01;35:*.png=01;35:*.svg=01;35:*.svgz=01;35:*.mng=01;35:*.pcx=01;35:*.mov=01;35:*.mpg=01;35:*.mpeg=01;35:*.m2v=01;35:*.mkv=01;35:*.webm=01;35:*.ogm=01;35:*.mp4=01;35:*.m4v=01;35:*.mp4v=01;35:*.vob=01;35:*.qt=01;35:*.nuv=01;35:*.wmv=01;35:*.asf=01;35:*.rm=01;35:*.rmvb=01;35:*.flc=01;35:*.avi=01;35:*.fli=01;35:*.flv=01;35:*.gl=01;35:*.dl=01;35:*.xcf=01;35:*.xwd=01;35:*.yuv=01;35:*.cgm=01;35:*.emf=01;35:*.axv=01;35:*.anx=01;35:*.ogv=01;35:*.ogx=01;35:*.aac=00;36:*.au=00;36:*.flac=00;36:*.mid=00;36:*.midi=00;36:*.mka=00;36:*.mp3=00;36:*.mpc=00;36:*.ogg=00;36:*.ra=00;36:*.wav=00;36:*.axa=00;36:*.oga=00;36:*.spx=00;36:*.xspf=00;36:'
    'XDG_SESSION_PATH' => '/org/freedesktop/DisplayManager/Session0'
    'XDG_SEAT_PATH' => '/org/freedesktop/DisplayManager/Seat0'
    'SSH_AUTH_SOCK' => '/run/user/1000/keyring-kfUoy2/ssh'
    'DEFAULTS_PATH' => '/usr/share/gconf/ubuntu.default.path'
    'XDG_CONFIG_DIRS' => '/etc/xdg/xdg-ubuntu:/usr/share/upstart/xdg:/etc/xdg'
    'PATH' => '/usr/local/sbin:/usr/local/bin:/usr/sbin:/usr/bin:/sbin:/bin:/usr/games:/usr/local/games'
    'DESKTOP_SESSION' => 'ubuntu'
    'QT_IM_MODULE' => 'fcitx'
    'QT_QPA_PLATFORMTHEME' => 'appmenu-qt5'
    'JOB' => 'gnome-session'
    'PWD' => '/home/wj/www/advanced'
    'XMODIFIERS' => '@im=fcitx'
    'GNOME_KEYRING_PID' => '1802'
    'LANG' => 'zh_CN.UTF-8'
    'GDM_LANG' => 'zh_CN'
    'MANDATORY_PATH' => '/usr/share/gconf/ubuntu.mandatory.path'
    'IM_CONFIG_PHASE' => '1'
    'COMPIZ_CONFIG_PROFILE' => 'ubuntu'
    'GDMSESSION' => 'ubuntu'
    'SESSIONTYPE' => 'gnome-session'
    'HOME' => '/home/wj'
    'XDG_SEAT' => 'seat0'
    'SHLVL' => '1'
    'LANGUAGE' => 'zh_CN:'
    'GNOME_DESKTOP_SESSION_ID' => 'this-is-deprecated'
    'UPSTART_INSTANCE' => ''
    'UPSTART_EVENTS' => 'started starting'
    'LOGNAME' => 'wj'
    'QT4_IM_MODULE' => 'fcitx'
    'XDG_DATA_DIRS' => '/usr/share/ubuntu:/usr/share/gnome:/usr/local/share/:/usr/share/'
    'DBUS_SESSION_BUS_ADDRESS' => 'unix:abstract=/tmp/dbus-kl8p0pywuq'
    'LESSOPEN' => '| /usr/bin/lesspipe %s'
    'INSTANCE' => 'Unity'
    'UPSTART_JOB' => 'unity-settings-daemon'
    'TEXTDOMAIN' => 'im-config'
    'XDG_RUNTIME_DIR' => '/run/user/1000'
    'DISPLAY' => ':0'
    'XDG_CURRENT_DESKTOP' => 'Unity'
    'GTK_IM_MODULE' => 'fcitx'
    'LESSCLOSE' => '/usr/bin/lesspipe %s %s'
    'TEXTDOMAINDIR' => '/usr/share/locale/'
    'COLORTERM' => 'gnome-terminal'
    'XAUTHORITY' => '/home/wj/.Xauthority'
    'OLDPWD' => '/home/wj/www/advanced/common'
    '_' => './yii'
    'PHP_SELF' => './yii'
    'SCRIPT_NAME' => './yii'
    'SCRIPT_FILENAME' => './yii'
    'PATH_TRANSLATED' => './yii'
    'DOCUMENT_ROOT' => ''
    'REQUEST_TIME_FLOAT' => 1458451561.2056
    'REQUEST_TIME' => 1458451561
    'argv' => [
        0 => './yii'
        1 => 'init/user'
    ]
    'argc' => 2
]
2016-03-20 13:29:10 [-][-][-][error][yii\base\UnknownPropertyException] exception 'yii\base\UnknownPropertyException' with message 'Setting unknown property: common\models\User::password' in /home/wj/www/advanced/vendor/yiisoft/yii2/base/Component.php:197
Stack trace:
#0 /home/wj/www/advanced/vendor/yiisoft/yii2/db/BaseActiveRecord.php(267): yii\base\Component->__set('password', 'w')
#1 /home/wj/www/advanced/console/controllers/InitController.php(21): yii\db\BaseActiveRecord->__set('password', 'w')
#2 [internal function]: console\controllers\InitController->actionUser()
#3 /home/wj/www/advanced/vendor/yiisoft/yii2/base/InlineAction.php(55): call_user_func_array(Array, Array)
#4 /home/wj/www/advanced/vendor/yiisoft/yii2/base/Controller.php(154): yii\base\InlineAction->runWithParams(Array)
#5 /home/wj/www/advanced/vendor/yiisoft/yii2/console/Controller.php(108): yii\base\Controller->runAction('user', Array)
#6 /home/wj/www/advanced/vendor/yiisoft/yii2/base/Module.php(454): yii\console\Controller->runAction('user', Array)
#7 /home/wj/www/advanced/vendor/yiisoft/yii2/console/Application.php(167): yii\base\Module->runAction('init/user', Array)
#8 /home/wj/www/advanced/vendor/yiisoft/yii2/console/Application.php(143): yii\console\Application->runAction('init/user', Array)
#9 /home/wj/www/advanced/vendor/yiisoft/yii2/base/Application.php(375): yii\console\Application->handleRequest(Object(yii\console\Request))
#10 /home/wj/www/advanced/yii(27): yii\base\Application->run()
#11 {main}
2016-03-20 13:29:06 [-][-][-][info][application] $_SERVER = [
    'XDG_VTNR' => '7'
    'XDG_SESSION_ID' => 'c2'
    'CLUTTER_IM_MODULE' => 'xim'
    'SELINUX_INIT' => 'YES'
    'XDG_GREETER_DATA_DIR' => '/var/lib/lightdm-data/wj'
    'GPG_AGENT_INFO' => '/run/user/1000/keyring-kfUoy2/gpg:0:1'
    'TERM' => 'xterm'
    'SHELL' => '/bin/bash'
    'VTE_VERSION' => '3409'
    'WINDOWID' => '62973031'
    'UPSTART_SESSION' => 'unix:abstract=/com/ubuntu/upstart-session/1000/1804'
    'GNOME_KEYRING_CONTROL' => '/run/user/1000/keyring-kfUoy2'
    'GTK_MODULES' => 'overlay-scrollbar:unity-gtk-module'
    'USER' => 'wj'
    'LS_COLORS' => 'rs=0:di=01;34:ln=01;36:mh=00:pi=40;33:so=01;35:do=01;35:bd=40;33;01:cd=40;33;01:or=40;31;01:su=37;41:sg=30;43:ca=30;41:tw=30;42:ow=34;42:st=37;44:ex=01;32:*.tar=01;31:*.tgz=01;31:*.arj=01;31:*.taz=01;31:*.lzh=01;31:*.lzma=01;31:*.tlz=01;31:*.txz=01;31:*.zip=01;31:*.z=01;31:*.Z=01;31:*.dz=01;31:*.gz=01;31:*.lz=01;31:*.xz=01;31:*.bz2=01;31:*.bz=01;31:*.tbz=01;31:*.tbz2=01;31:*.tz=01;31:*.deb=01;31:*.rpm=01;31:*.jar=01;31:*.war=01;31:*.ear=01;31:*.sar=01;31:*.rar=01;31:*.ace=01;31:*.zoo=01;31:*.cpio=01;31:*.7z=01;31:*.rz=01;31:*.jpg=01;35:*.jpeg=01;35:*.gif=01;35:*.bmp=01;35:*.pbm=01;35:*.pgm=01;35:*.ppm=01;35:*.tga=01;35:*.xbm=01;35:*.xpm=01;35:*.tif=01;35:*.tiff=01;35:*.png=01;35:*.svg=01;35:*.svgz=01;35:*.mng=01;35:*.pcx=01;35:*.mov=01;35:*.mpg=01;35:*.mpeg=01;35:*.m2v=01;35:*.mkv=01;35:*.webm=01;35:*.ogm=01;35:*.mp4=01;35:*.m4v=01;35:*.mp4v=01;35:*.vob=01;35:*.qt=01;35:*.nuv=01;35:*.wmv=01;35:*.asf=01;35:*.rm=01;35:*.rmvb=01;35:*.flc=01;35:*.avi=01;35:*.fli=01;35:*.flv=01;35:*.gl=01;35:*.dl=01;35:*.xcf=01;35:*.xwd=01;35:*.yuv=01;35:*.cgm=01;35:*.emf=01;35:*.axv=01;35:*.anx=01;35:*.ogv=01;35:*.ogx=01;35:*.aac=00;36:*.au=00;36:*.flac=00;36:*.mid=00;36:*.midi=00;36:*.mka=00;36:*.mp3=00;36:*.mpc=00;36:*.ogg=00;36:*.ra=00;36:*.wav=00;36:*.axa=00;36:*.oga=00;36:*.spx=00;36:*.xspf=00;36:'
    'XDG_SESSION_PATH' => '/org/freedesktop/DisplayManager/Session0'
    'XDG_SEAT_PATH' => '/org/freedesktop/DisplayManager/Seat0'
    'SSH_AUTH_SOCK' => '/run/user/1000/keyring-kfUoy2/ssh'
    'DEFAULTS_PATH' => '/usr/share/gconf/ubuntu.default.path'
    'XDG_CONFIG_DIRS' => '/etc/xdg/xdg-ubuntu:/usr/share/upstart/xdg:/etc/xdg'
    'PATH' => '/usr/local/sbin:/usr/local/bin:/usr/sbin:/usr/bin:/sbin:/bin:/usr/games:/usr/local/games'
    'DESKTOP_SESSION' => 'ubuntu'
    'QT_IM_MODULE' => 'fcitx'
    'QT_QPA_PLATFORMTHEME' => 'appmenu-qt5'
    'JOB' => 'gnome-session'
    'PWD' => '/home/wj/www/advanced'
    'XMODIFIERS' => '@im=fcitx'
    'GNOME_KEYRING_PID' => '1802'
    'LANG' => 'zh_CN.UTF-8'
    'GDM_LANG' => 'zh_CN'
    'MANDATORY_PATH' => '/usr/share/gconf/ubuntu.mandatory.path'
    'IM_CONFIG_PHASE' => '1'
    'COMPIZ_CONFIG_PROFILE' => 'ubuntu'
    'GDMSESSION' => 'ubuntu'
    'SESSIONTYPE' => 'gnome-session'
    'HOME' => '/home/wj'
    'XDG_SEAT' => 'seat0'
    'SHLVL' => '1'
    'LANGUAGE' => 'zh_CN:'
    'GNOME_DESKTOP_SESSION_ID' => 'this-is-deprecated'
    'UPSTART_INSTANCE' => ''
    'UPSTART_EVENTS' => 'started starting'
    'LOGNAME' => 'wj'
    'QT4_IM_MODULE' => 'fcitx'
    'XDG_DATA_DIRS' => '/usr/share/ubuntu:/usr/share/gnome:/usr/local/share/:/usr/share/'
    'DBUS_SESSION_BUS_ADDRESS' => 'unix:abstract=/tmp/dbus-kl8p0pywuq'
    'LESSOPEN' => '| /usr/bin/lesspipe %s'
    'INSTANCE' => 'Unity'
    'UPSTART_JOB' => 'unity-settings-daemon'
    'TEXTDOMAIN' => 'im-config'
    'XDG_RUNTIME_DIR' => '/run/user/1000'
    'DISPLAY' => ':0'
    'XDG_CURRENT_DESKTOP' => 'Unity'
    'GTK_IM_MODULE' => 'fcitx'
    'LESSCLOSE' => '/usr/bin/lesspipe %s %s'
    'TEXTDOMAINDIR' => '/usr/share/locale/'
    'COLORTERM' => 'gnome-terminal'
    'XAUTHORITY' => '/home/wj/.Xauthority'
    'OLDPWD' => '/home/wj/www/advanced/common/models'
    '_' => './yii'
    'PHP_SELF' => './yii'
    'SCRIPT_NAME' => './yii'
    'SCRIPT_FILENAME' => './yii'
    'PATH_TRANSLATED' => './yii'
    'DOCUMENT_ROOT' => ''
    'REQUEST_TIME_FLOAT' => 1458451746.9946
    'REQUEST_TIME' => 1458451746
    'argv' => [
        0 => './yii'
        1 => 'init/user'
    ]
    'argc' => 2
]
2016-03-20 13:38:18 [-][-][-][error][yii\base\UnknownClassException] exception 'yii\base\UnknownClassException' with message 'Unable to find 'console\controllers\InitController' in file: /home/wj/www/advanced/console/controllers/InitController.php. Namespace missing?' in /home/wj/www/advanced/vendor/yiisoft/yii2/BaseYii.php:291
Stack trace:
#0 [internal function]: yii\BaseYii::autoload('console\\control...')
#1 [internal function]: spl_autoload_call('console\\control...')
#2 /home/wj/www/advanced/vendor/yiisoft/yii2/base/Module.php(562): class_exists('console\\control...')
#3 /home/wj/www/advanced/vendor/yiisoft/yii2/base/Module.php(520): yii\base\Module->createControllerByID('init')
#4 /home/wj/www/advanced/vendor/yiisoft/yii2/base/Module.php(448): yii\base\Module->createController('init/user')
#5 /home/wj/www/advanced/vendor/yiisoft/yii2/console/Application.php(167): yii\base\Module->runAction('init/user', Array)
#6 /home/wj/www/advanced/vendor/yiisoft/yii2/console/Application.php(143): yii\console\Application->runAction('init/user', Array)
#7 /home/wj/www/advanced/vendor/yiisoft/yii2/base/Application.php(375): yii\console\Application->handleRequest(Object(yii\console\Request))
#8 /home/wj/www/advanced/yii(27): yii\base\Application->run()
#9 {main}
2016-03-20 13:38:18 [-][-][-][info][application] $_SERVER = [
    'XDG_VTNR' => '7'
    'XDG_SESSION_ID' => 'c2'
    'CLUTTER_IM_MODULE' => 'xim'
    'SELINUX_INIT' => 'YES'
    'XDG_GREETER_DATA_DIR' => '/var/lib/lightdm-data/wj'
    'GPG_AGENT_INFO' => '/run/user/1000/keyring-kfUoy2/gpg:0:1'
    'TERM' => 'xterm'
    'SHELL' => '/bin/bash'
    'VTE_VERSION' => '3409'
    'WINDOWID' => '62956244'
    'UPSTART_SESSION' => 'unix:abstract=/com/ubuntu/upstart-session/1000/1804'
    'GNOME_KEYRING_CONTROL' => '/run/user/1000/keyring-kfUoy2'
    'GTK_MODULES' => 'overlay-scrollbar:unity-gtk-module'
    'USER' => 'wj'
    'LS_COLORS' => 'rs=0:di=01;34:ln=01;36:mh=00:pi=40;33:so=01;35:do=01;35:bd=40;33;01:cd=40;33;01:or=40;31;01:su=37;41:sg=30;43:ca=30;41:tw=30;42:ow=34;42:st=37;44:ex=01;32:*.tar=01;31:*.tgz=01;31:*.arj=01;31:*.taz=01;31:*.lzh=01;31:*.lzma=01;31:*.tlz=01;31:*.txz=01;31:*.zip=01;31:*.z=01;31:*.Z=01;31:*.dz=01;31:*.gz=01;31:*.lz=01;31:*.xz=01;31:*.bz2=01;31:*.bz=01;31:*.tbz=01;31:*.tbz2=01;31:*.tz=01;31:*.deb=01;31:*.rpm=01;31:*.jar=01;31:*.war=01;31:*.ear=01;31:*.sar=01;31:*.rar=01;31:*.ace=01;31:*.zoo=01;31:*.cpio=01;31:*.7z=01;31:*.rz=01;31:*.jpg=01;35:*.jpeg=01;35:*.gif=01;35:*.bmp=01;35:*.pbm=01;35:*.pgm=01;35:*.ppm=01;35:*.tga=01;35:*.xbm=01;35:*.xpm=01;35:*.tif=01;35:*.tiff=01;35:*.png=01;35:*.svg=01;35:*.svgz=01;35:*.mng=01;35:*.pcx=01;35:*.mov=01;35:*.mpg=01;35:*.mpeg=01;35:*.m2v=01;35:*.mkv=01;35:*.webm=01;35:*.ogm=01;35:*.mp4=01;35:*.m4v=01;35:*.mp4v=01;35:*.vob=01;35:*.qt=01;35:*.nuv=01;35:*.wmv=01;35:*.asf=01;35:*.rm=01;35:*.rmvb=01;35:*.flc=01;35:*.avi=01;35:*.fli=01;35:*.flv=01;35:*.gl=01;35:*.dl=01;35:*.xcf=01;35:*.xwd=01;35:*.yuv=01;35:*.cgm=01;35:*.emf=01;35:*.axv=01;35:*.anx=01;35:*.ogv=01;35:*.ogx=01;35:*.aac=00;36:*.au=00;36:*.flac=00;36:*.mid=00;36:*.midi=00;36:*.mka=00;36:*.mp3=00;36:*.mpc=00;36:*.ogg=00;36:*.ra=00;36:*.wav=00;36:*.axa=00;36:*.oga=00;36:*.spx=00;36:*.xspf=00;36:'
    'XDG_SESSION_PATH' => '/org/freedesktop/DisplayManager/Session0'
    'XDG_SEAT_PATH' => '/org/freedesktop/DisplayManager/Seat0'
    'SSH_AUTH_SOCK' => '/run/user/1000/keyring-kfUoy2/ssh'
    'DEFAULTS_PATH' => '/usr/share/gconf/ubuntu.default.path'
    'XDG_CONFIG_DIRS' => '/etc/xdg/xdg-ubuntu:/usr/share/upstart/xdg:/etc/xdg'
    'PATH' => '/usr/local/sbin:/usr/local/bin:/usr/sbin:/usr/bin:/sbin:/bin:/usr/games:/usr/local/games'
    'DESKTOP_SESSION' => 'ubuntu'
    'QT_IM_MODULE' => 'fcitx'
    'QT_QPA_PLATFORMTHEME' => 'appmenu-qt5'
    'JOB' => 'gnome-session'
    'PWD' => '/home/wj/www/advanced'
    'XMODIFIERS' => '@im=fcitx'
    'GNOME_KEYRING_PID' => '1802'
    'LANG' => 'zh_CN.UTF-8'
    'GDM_LANG' => 'zh_CN'
    'MANDATORY_PATH' => '/usr/share/gconf/ubuntu.mandatory.path'
    'IM_CONFIG_PHASE' => '1'
    'COMPIZ_CONFIG_PROFILE' => 'ubuntu'
    'GDMSESSION' => 'ubuntu'
    'SESSIONTYPE' => 'gnome-session'
    'HOME' => '/home/wj'
    'XDG_SEAT' => 'seat0'
    'SHLVL' => '1'
    'LANGUAGE' => 'zh_CN:'
    'GNOME_DESKTOP_SESSION_ID' => 'this-is-deprecated'
    'UPSTART_INSTANCE' => ''
    'UPSTART_EVENTS' => 'started starting'
    'LOGNAME' => 'wj'
    'QT4_IM_MODULE' => 'fcitx'
    'XDG_DATA_DIRS' => '/usr/share/ubuntu:/usr/share/gnome:/usr/local/share/:/usr/share/'
    'DBUS_SESSION_BUS_ADDRESS' => 'unix:abstract=/tmp/dbus-kl8p0pywuq'
    'LESSOPEN' => '| /usr/bin/lesspipe %s'
    'INSTANCE' => 'Unity'
    'UPSTART_JOB' => 'unity-settings-daemon'
    'TEXTDOMAIN' => 'im-config'
    'XDG_RUNTIME_DIR' => '/run/user/1000'
    'DISPLAY' => ':0'
    'XDG_CURRENT_DESKTOP' => 'Unity'
    'GTK_IM_MODULE' => 'fcitx'
    'LESSCLOSE' => '/usr/bin/lesspipe %s %s'
    'TEXTDOMAINDIR' => '/usr/share/locale/'
    'COLORTERM' => 'gnome-terminal'
    'XAUTHORITY' => '/home/wj/.Xauthority'
    'OLDPWD' => '/home/wj/www'
    '_' => './yii'
    'PHP_SELF' => './yii'
    'SCRIPT_NAME' => './yii'
    'SCRIPT_FILENAME' => './yii'
    'PATH_TRANSLATED' => './yii'
    'DOCUMENT_ROOT' => ''
    'REQUEST_TIME_FLOAT' => 1458452298.4853
    'REQUEST_TIME' => 1458452298
    'argv' => [
        0 => './yii'
        1 => 'init/user'
    ]
    'argc' => 2
]
2016-03-20 13:39:41 [-][-][-][error][yii\base\UnknownPropertyException] exception 'yii\base\UnknownPropertyException' with message 'Setting unknown property: common\models\User::password' in /home/wj/www/advanced/vendor/yiisoft/yii2/base/Component.php:197
Stack trace:
#0 /home/wj/www/advanced/vendor/yiisoft/yii2/db/BaseActiveRecord.php(267): yii\base\Component->__set('password', 'wj')
#1 /home/wj/www/advanced/console/controllers/InitController.php(25): yii\db\BaseActiveRecord->__set('password', 'wj')
#2 [internal function]: console\controllers\InitController->actionUser()
#3 /home/wj/www/advanced/vendor/yiisoft/yii2/base/InlineAction.php(55): call_user_func_array(Array, Array)
#4 /home/wj/www/advanced/vendor/yiisoft/yii2/base/Controller.php(154): yii\base\InlineAction->runWithParams(Array)
#5 /home/wj/www/advanced/vendor/yiisoft/yii2/console/Controller.php(108): yii\base\Controller->runAction('user', Array)
#6 /home/wj/www/advanced/vendor/yiisoft/yii2/base/Module.php(454): yii\console\Controller->runAction('user', Array)
#7 /home/wj/www/advanced/vendor/yiisoft/yii2/console/Application.php(167): yii\base\Module->runAction('init/user', Array)
#8 /home/wj/www/advanced/vendor/yiisoft/yii2/console/Application.php(143): yii\console\Application->runAction('init/user', Array)
#9 /home/wj/www/advanced/vendor/yiisoft/yii2/base/Application.php(375): yii\console\Application->handleRequest(Object(yii\console\Request))
#10 /home/wj/www/advanced/yii(27): yii\base\Application->run()
#11 {main}
2016-03-20 13:39:34 [-][-][-][info][application] $_SERVER = [
    'XDG_VTNR' => '7'
    'XDG_SESSION_ID' => 'c2'
    'CLUTTER_IM_MODULE' => 'xim'
    'SELINUX_INIT' => 'YES'
    'XDG_GREETER_DATA_DIR' => '/var/lib/lightdm-data/wj'
    'GPG_AGENT_INFO' => '/run/user/1000/keyring-kfUoy2/gpg:0:1'
    'TERM' => 'xterm'
    'SHELL' => '/bin/bash'
    'VTE_VERSION' => '3409'
    'WINDOWID' => '62956244'
    'UPSTART_SESSION' => 'unix:abstract=/com/ubuntu/upstart-session/1000/1804'
    'GNOME_KEYRING_CONTROL' => '/run/user/1000/keyring-kfUoy2'
    'GTK_MODULES' => 'overlay-scrollbar:unity-gtk-module'
    'USER' => 'wj'
    'LS_COLORS' => 'rs=0:di=01;34:ln=01;36:mh=00:pi=40;33:so=01;35:do=01;35:bd=40;33;01:cd=40;33;01:or=40;31;01:su=37;41:sg=30;43:ca=30;41:tw=30;42:ow=34;42:st=37;44:ex=01;32:*.tar=01;31:*.tgz=01;31:*.arj=01;31:*.taz=01;31:*.lzh=01;31:*.lzma=01;31:*.tlz=01;31:*.txz=01;31:*.zip=01;31:*.z=01;31:*.Z=01;31:*.dz=01;31:*.gz=01;31:*.lz=01;31:*.xz=01;31:*.bz2=01;31:*.bz=01;31:*.tbz=01;31:*.tbz2=01;31:*.tz=01;31:*.deb=01;31:*.rpm=01;31:*.jar=01;31:*.war=01;31:*.ear=01;31:*.sar=01;31:*.rar=01;31:*.ace=01;31:*.zoo=01;31:*.cpio=01;31:*.7z=01;31:*.rz=01;31:*.jpg=01;35:*.jpeg=01;35:*.gif=01;35:*.bmp=01;35:*.pbm=01;35:*.pgm=01;35:*.ppm=01;35:*.tga=01;35:*.xbm=01;35:*.xpm=01;35:*.tif=01;35:*.tiff=01;35:*.png=01;35:*.svg=01;35:*.svgz=01;35:*.mng=01;35:*.pcx=01;35:*.mov=01;35:*.mpg=01;35:*.mpeg=01;35:*.m2v=01;35:*.mkv=01;35:*.webm=01;35:*.ogm=01;35:*.mp4=01;35:*.m4v=01;35:*.mp4v=01;35:*.vob=01;35:*.qt=01;35:*.nuv=01;35:*.wmv=01;35:*.asf=01;35:*.rm=01;35:*.rmvb=01;35:*.flc=01;35:*.avi=01;35:*.fli=01;35:*.flv=01;35:*.gl=01;35:*.dl=01;35:*.xcf=01;35:*.xwd=01;35:*.yuv=01;35:*.cgm=01;35:*.emf=01;35:*.axv=01;35:*.anx=01;35:*.ogv=01;35:*.ogx=01;35:*.aac=00;36:*.au=00;36:*.flac=00;36:*.mid=00;36:*.midi=00;36:*.mka=00;36:*.mp3=00;36:*.mpc=00;36:*.ogg=00;36:*.ra=00;36:*.wav=00;36:*.axa=00;36:*.oga=00;36:*.spx=00;36:*.xspf=00;36:'
    'XDG_SESSION_PATH' => '/org/freedesktop/DisplayManager/Session0'
    'XDG_SEAT_PATH' => '/org/freedesktop/DisplayManager/Seat0'
    'SSH_AUTH_SOCK' => '/run/user/1000/keyring-kfUoy2/ssh'
    'DEFAULTS_PATH' => '/usr/share/gconf/ubuntu.default.path'
    'XDG_CONFIG_DIRS' => '/etc/xdg/xdg-ubuntu:/usr/share/upstart/xdg:/etc/xdg'
    'PATH' => '/usr/local/sbin:/usr/local/bin:/usr/sbin:/usr/bin:/sbin:/bin:/usr/games:/usr/local/games'
    'DESKTOP_SESSION' => 'ubuntu'
    'QT_IM_MODULE' => 'fcitx'
    'QT_QPA_PLATFORMTHEME' => 'appmenu-qt5'
    'JOB' => 'gnome-session'
    'PWD' => '/home/wj/www/advanced'
    'XMODIFIERS' => '@im=fcitx'
    'GNOME_KEYRING_PID' => '1802'
    'LANG' => 'zh_CN.UTF-8'
    'GDM_LANG' => 'zh_CN'
    'MANDATORY_PATH' => '/usr/share/gconf/ubuntu.mandatory.path'
    'IM_CONFIG_PHASE' => '1'
    'COMPIZ_CONFIG_PROFILE' => 'ubuntu'
    'GDMSESSION' => 'ubuntu'
    'SESSIONTYPE' => 'gnome-session'
    'HOME' => '/home/wj'
    'XDG_SEAT' => 'seat0'
    'SHLVL' => '1'
    'LANGUAGE' => 'zh_CN:'
    'GNOME_DESKTOP_SESSION_ID' => 'this-is-deprecated'
    'UPSTART_INSTANCE' => ''
    'UPSTART_EVENTS' => 'started starting'
    'LOGNAME' => 'wj'
    'QT4_IM_MODULE' => 'fcitx'
    'XDG_DATA_DIRS' => '/usr/share/ubuntu:/usr/share/gnome:/usr/local/share/:/usr/share/'
    'DBUS_SESSION_BUS_ADDRESS' => 'unix:abstract=/tmp/dbus-kl8p0pywuq'
    'LESSOPEN' => '| /usr/bin/lesspipe %s'
    'INSTANCE' => 'Unity'
    'UPSTART_JOB' => 'unity-settings-daemon'
    'TEXTDOMAIN' => 'im-config'
    'XDG_RUNTIME_DIR' => '/run/user/1000'
    'DISPLAY' => ':0'
    'XDG_CURRENT_DESKTOP' => 'Unity'
    'GTK_IM_MODULE' => 'fcitx'
    'LESSCLOSE' => '/usr/bin/lesspipe %s %s'
    'TEXTDOMAINDIR' => '/usr/share/locale/'
    'COLORTERM' => 'gnome-terminal'
    'XAUTHORITY' => '/home/wj/.Xauthority'
    'OLDPWD' => '/home/wj/www'
    '_' => './yii'
    'PHP_SELF' => './yii'
    'SCRIPT_NAME' => './yii'
    'SCRIPT_FILENAME' => './yii'
    'PATH_TRANSLATED' => './yii'
    'DOCUMENT_ROOT' => ''
    'REQUEST_TIME_FLOAT' => 1458452374.39
    'REQUEST_TIME' => 1458452374
    'argv' => [
        0 => './yii'
        1 => 'init/user'
    ]
    'argc' => 2
]
2016-03-30 13:53:50 [-][-][-][error][yii\base\ErrorException:2] exception 'yii\base\ErrorException' with message 'exec() has been disabled for security reasons' in /home/wj/www/yii2/advanced/vendor/yiisoft/yii2/helpers/BaseConsole.php:621
Stack trace:
#0 [internal function]: yii\base\ErrorHandler->handleError(2, 'exec() has been...', '/home/wj/www/yi...', 621, Array)
#1 /home/wj/www/yii2/advanced/vendor/yiisoft/yii2/helpers/BaseConsole.php(621): exec('stty -a 2>&1', Array)
#2 /home/wj/www/yii2/advanced/vendor/yiisoft/yii2/helpers/BaseConsole.php(662): yii\helpers\BaseConsole::getScreenSize(false)
#3 /home/wj/www/yii2/advanced/vendor/yiisoft/yii2/console/controllers/HelpController.php(214): yii\helpers\BaseConsole::wrapText('Allows you to c...', 31)
#4 /home/wj/www/yii2/advanced/vendor/yiisoft/yii2/console/controllers/HelpController.php(67): yii\console\controllers\HelpController->getDefaultHelp()
#5 [internal function]: yii\console\controllers\HelpController->actionIndex(NULL)
#6 /home/wj/www/yii2/advanced/vendor/yiisoft/yii2/base/InlineAction.php(55): call_user_func_array(Array, Array)
#7 /home/wj/www/yii2/advanced/vendor/yiisoft/yii2/base/Controller.php(154): yii\base\InlineAction->runWithParams(Array)
#8 /home/wj/www/yii2/advanced/vendor/yiisoft/yii2/console/Controller.php(108): yii\base\Controller->runAction('', Array)
#9 /home/wj/www/yii2/advanced/vendor/yiisoft/yii2/base/Module.php(454): yii\console\Controller->runAction('', Array)
#10 /home/wj/www/yii2/advanced/vendor/yiisoft/yii2/console/Application.php(167): yii\base\Module->runAction('', Array)
#11 /home/wj/www/yii2/advanced/vendor/yiisoft/yii2/console/Application.php(143): yii\console\Application->runAction('', Array)
#12 /home/wj/www/yii2/advanced/vendor/yiisoft/yii2/base/Application.php(375): yii\console\Application->handleRequest(Object(yii\console\Request))
#13 /home/wj/www/yii2/advanced/yii(27): yii\base\Application->run()
#14 {main}
2016-03-30 13:53:50 [-][-][-][info][application] $_SERVER = [
    'XDG_VTNR' => '7'
    'XDG_SESSION_ID' => 'c2'
    'XDG_GREETER_DATA_DIR' => '/var/lib/lightdm-data/wj'
    'GPG_AGENT_INFO' => '/tmp/gpg-cmgA5k/S.gpg-agent:2039:1'
    'TERM' => 'xterm-256color'
    'SHELL' => '/bin/bash'
    'VTE_VERSION' => '4002'
    'WINDOWID' => '50331658'
    'UPSTART_SESSION' => 'unix:abstract=/com/ubuntu/upstart-session/1000/1881'
    'GNOME_KEYRING_CONTROL' => ''
    'USER' => 'wj'
    'XDG_SESSION_PATH' => '/org/freedesktop/DisplayManager/Session0'
    'XDG_SEAT_PATH' => '/org/freedesktop/DisplayManager/Seat0'
    'SSH_AUTH_SOCK' => '/run/user/1000/keyring/ssh'
    'DEFAULTS_PATH' => '/usr/share/gconf/gnome.default.path'
    'XDG_CONFIG_DIRS' => '/etc/xdg/xdg-gnome:/usr/share/upstart/xdg:/etc/xdg'
    'PATH' => '/usr/local/sbin:/usr/local/bin:/usr/sbin:/usr/bin:/sbin:/bin:/usr/games:/usr/local/games'
    'DESKTOP_SESSION' => 'gnome'
    'QT_IM_MODULE' => 'fcitx'
    'QT_QPA_PLATFORMTHEME' => 'appmenu-qt5'
    'XDG_SESSION_TYPE' => 'x11'
    'JOB' => 'gnome-session'
    'PWD' => '/home/wj/www/yii2/advanced'
    'XMODIFIERS' => '@im=fcitx'
    'GNOME_KEYRING_PID' => ''
    'LANG' => 'zh_CN.UTF-8'
    'GDM_LANG' => 'zh_CN'
    'MANDATORY_PATH' => '/usr/share/gconf/gnome.mandatory.path'
    'GDMSESSION' => 'gnome'
    'SESSIONTYPE' => 'gnome-session'
    'GTK2_MODULES' => 'overlay-scrollbar'
    'XDG_SEAT' => 'seat0'
    'HOME' => '/home/wj'
    'SHLVL' => '1'
    'LANGUAGE' => 'zh_CN:'
    'GNOME_DESKTOP_SESSION_ID' => 'this-is-deprecated'
    'UPSTART_INSTANCE' => ''
    'UPSTART_EVENTS' => 'started starting'
    'XDG_SESSION_DESKTOP' => 'gnome'
    'LOGNAME' => 'wj'
    'QT4_IM_MODULE' => 'fcitx'
    'XDG_DATA_DIRS' => '/usr/share/gnome:/usr/local/share/:/usr/share/'
    'DBUS_SESSION_BUS_ADDRESS' => 'unix:abstract=/tmp/dbus-63GGUwIORS'
    'INSTANCE' => 'GNOME'
    'UPSTART_JOB' => 'gnome-settings-daemon'
    'XDG_RUNTIME_DIR' => '/run/user/1000'
    'DISPLAY' => ':0'
    'XDG_CURRENT_DESKTOP' => 'GNOME'
    'GTK_IM_MODULE' => 'fcitx'
    'XAUTHORITY' => '/home/wj/.Xauthority'
    '_' => './yii'
    'OLDPWD' => '/home/wj/www/yii2'
    'PHP_SELF' => './yii'
    'SCRIPT_NAME' => './yii'
    'SCRIPT_FILENAME' => './yii'
    'PATH_TRANSLATED' => './yii'
    'DOCUMENT_ROOT' => ''
    'REQUEST_TIME_FLOAT' => 1459317230.4611
    'REQUEST_TIME' => 1459317230
    'argv' => [
        0 => './yii'
    ]
    'argc' => 1
]
